<?xml version="1.0" encoding="UTF-8"?>
<trace:TraceModel xmi:version="2.0"
    xmlns:xmi="http://www.omg.org/XMI"
    xmlns:trace="http://www.eclipse.org/gmf/2006/Trace">
  <nodeTraces
      visualID="2001"
      queryText="(let _eClass_:ecore::EClass = modelFacet.metaClass.ecoreClass in _eClass_.ePackage.nsURI = 'http://www.omg.org/spec/BPMN/20100524/MODEL-XMI' and _eClass_.name = 'UserTask') and (let _containmentMF_:ecore::EStructuralFeature = modelFacet.containmentMetaFeature.ecoreFeature in (let _eClass_:ecore::EClass = _containmentMF_.eContainingClass in _eClass_.ePackage.nsURI = 'http://www.omg.org/spec/BPMN/20100524/MODEL-XMI' and _eClass_.name = 'FlowElementsContainer') and _containmentMF_.name = 'flowElements')">
    <nodeLabelTraces
        visualID="5001"
        queryText="true"/>
  </nodeTraces>
  <nodeTraces
      visualID="2002"
      queryText="(let _eClass_:ecore::EClass = modelFacet.metaClass.ecoreClass in _eClass_.ePackage.nsURI = 'http://www.omg.org/spec/BPMN/20100524/MODEL-XMI' and _eClass_.name = 'ServiceTask') and (let _containmentMF_:ecore::EStructuralFeature = modelFacet.containmentMetaFeature.ecoreFeature in (let _eClass_:ecore::EClass = _containmentMF_.eContainingClass in _eClass_.ePackage.nsURI = 'http://www.omg.org/spec/BPMN/20100524/MODEL-XMI' and _eClass_.name = 'FlowElementsContainer') and _containmentMF_.name = 'flowElements')">
    <nodeLabelTraces
        visualID="5002"
        queryText="true"/>
  </nodeTraces>
  <nodeTraces
      visualID="2003"
      queryText="(let _eClass_:ecore::EClass = modelFacet.metaClass.ecoreClass in _eClass_.ePackage.nsURI = 'http://www.omg.org/spec/BPMN/20100524/MODEL-XMI' and _eClass_.name = 'StartEvent') and (let _containmentMF_:ecore::EStructuralFeature = modelFacet.containmentMetaFeature.ecoreFeature in (let _eClass_:ecore::EClass = _containmentMF_.eContainingClass in _eClass_.ePackage.nsURI = 'http://www.omg.org/spec/BPMN/20100524/MODEL-XMI' and _eClass_.name = 'FlowElementsContainer') and _containmentMF_.name = 'flowElements')"/>
  <nodeTraces
      visualID="2004"
      queryText="(let _eClass_:ecore::EClass = modelFacet.metaClass.ecoreClass in _eClass_.ePackage.nsURI = 'http://www.omg.org/spec/BPMN/20100524/MODEL-XMI' and _eClass_.name = 'EndEvent') and (let _containmentMF_:ecore::EStructuralFeature = modelFacet.containmentMetaFeature.ecoreFeature in (let _eClass_:ecore::EClass = _containmentMF_.eContainingClass in _eClass_.ePackage.nsURI = 'http://www.omg.org/spec/BPMN/20100524/MODEL-XMI' and _eClass_.name = 'FlowElementsContainer') and _containmentMF_.name = 'flowElements')"/>
  <nodeTraces
      visualID="2005"
      queryText="(let _eClass_:ecore::EClass = modelFacet.metaClass.ecoreClass in _eClass_.ePackage.nsURI = 'http://www.omg.org/spec/BPMN/20100524/MODEL-XMI' and _eClass_.name = 'ExclusiveGateway') and (let _containmentMF_:ecore::EStructuralFeature = modelFacet.containmentMetaFeature.ecoreFeature in (let _eClass_:ecore::EClass = _containmentMF_.eContainingClass in _eClass_.ePackage.nsURI = 'http://www.omg.org/spec/BPMN/20100524/MODEL-XMI' and _eClass_.name = 'FlowElementsContainer') and _containmentMF_.name = 'flowElements')"/>
  <nodeTraces
      visualID="2006"
      queryText="(let _eClass_:ecore::EClass = modelFacet.metaClass.ecoreClass in _eClass_.ePackage.nsURI = 'http://www.omg.org/spec/BPMN/20100524/MODEL-XMI' and _eClass_.name = 'ParallelGateway') and (let _containmentMF_:ecore::EStructuralFeature = modelFacet.containmentMetaFeature.ecoreFeature in (let _eClass_:ecore::EClass = _containmentMF_.eContainingClass in _eClass_.ePackage.nsURI = 'http://www.omg.org/spec/BPMN/20100524/MODEL-XMI' and _eClass_.name = 'FlowElementsContainer') and _containmentMF_.name = 'flowElements')"/>
  <nodeTraces
      visualID="2007"
      queryText="(let _eClass_:ecore::EClass = modelFacet.metaClass.ecoreClass in _eClass_.ePackage.nsURI = 'http://www.omg.org/spec/BPMN/20100524/MODEL-XMI' and _eClass_.name = 'StartEvent') and (let _containmentMF_:ecore::EStructuralFeature = modelFacet.containmentMetaFeature.ecoreFeature in (let _eClass_:ecore::EClass = _containmentMF_.eContainingClass in _eClass_.ePackage.nsURI = 'http://www.omg.org/spec/BPMN/20100524/MODEL-XMI' and _eClass_.name = 'FlowElementsContainer') and _containmentMF_.name = 'flowElements')"/>
  <nodeTraces
      visualID="2008"
      queryText="(let _eClass_:ecore::EClass = modelFacet.metaClass.ecoreClass in _eClass_.ePackage.nsURI = 'http://www.omg.org/spec/BPMN/20100524/MODEL-XMI' and _eClass_.name = 'EndEvent') and (let _containmentMF_:ecore::EStructuralFeature = modelFacet.containmentMetaFeature.ecoreFeature in (let _eClass_:ecore::EClass = _containmentMF_.eContainingClass in _eClass_.ePackage.nsURI = 'http://www.omg.org/spec/BPMN/20100524/MODEL-XMI' and _eClass_.name = 'FlowElementsContainer') and _containmentMF_.name = 'flowElements')"/>
  <nodeTraces
      visualID="2009"
      queryText="(let _eClass_:ecore::EClass = modelFacet.metaClass.ecoreClass in _eClass_.ePackage.nsURI = 'http://www.omg.org/spec/BPMN/20100524/MODEL-XMI' and _eClass_.name = 'EndEvent') and (let _containmentMF_:ecore::EStructuralFeature = modelFacet.containmentMetaFeature.ecoreFeature in (let _eClass_:ecore::EClass = _containmentMF_.eContainingClass in _eClass_.ePackage.nsURI = 'http://www.omg.org/spec/BPMN/20100524/MODEL-XMI' and _eClass_.name = 'FlowElementsContainer') and _containmentMF_.name = 'flowElements')"/>
  <nodeTraces
      visualID="2010"
      queryText="(let _eClass_:ecore::EClass = modelFacet.metaClass.ecoreClass in _eClass_.ePackage.nsURI = 'http://www.omg.org/spec/BPMN/20100524/MODEL-XMI' and _eClass_.name = 'IntermediateCatchEvent') and (let _containmentMF_:ecore::EStructuralFeature = modelFacet.containmentMetaFeature.ecoreFeature in (let _eClass_:ecore::EClass = _containmentMF_.eContainingClass in _eClass_.ePackage.nsURI = 'http://www.omg.org/spec/BPMN/20100524/MODEL-XMI' and _eClass_.name = 'FlowElementsContainer') and _containmentMF_.name = 'flowElements')"/>
  <nodeTraces
      visualID="2011"
      queryText="(let _eClass_:ecore::EClass = modelFacet.metaClass.ecoreClass in _eClass_.ePackage.nsURI = 'http://www.omg.org/spec/BPMN/20100524/MODEL-XMI' and _eClass_.name = 'IntermediateThrowEvent') and (let _containmentMF_:ecore::EStructuralFeature = modelFacet.containmentMetaFeature.ecoreFeature in (let _eClass_:ecore::EClass = _containmentMF_.eContainingClass in _eClass_.ePackage.nsURI = 'http://www.omg.org/spec/BPMN/20100524/MODEL-XMI' and _eClass_.name = 'FlowElementsContainer') and _containmentMF_.name = 'flowElements')"/>
  <nodeTraces
      visualID="2012"
      queryText="(let _eClass_:ecore::EClass = modelFacet.metaClass.ecoreClass in _eClass_.ePackage.nsURI = 'http://www.omg.org/spec/BPMN/20100524/MODEL-XMI' and _eClass_.name = 'IntermediateCatchEvent') and (let _containmentMF_:ecore::EStructuralFeature = modelFacet.containmentMetaFeature.ecoreFeature in (let _eClass_:ecore::EClass = _containmentMF_.eContainingClass in _eClass_.ePackage.nsURI = 'http://www.omg.org/spec/BPMN/20100524/MODEL-XMI' and _eClass_.name = 'FlowElementsContainer') and _containmentMF_.name = 'flowElements')"/>
  <nodeTraces
      visualID="2013"
      queryText="(let _eClass_:ecore::EClass = modelFacet.metaClass.ecoreClass in _eClass_.ePackage.nsURI = 'http://www.omg.org/spec/BPMN/20100524/MODEL-XMI' and _eClass_.name = 'IntermediateCatchEvent') and (let _containmentMF_:ecore::EStructuralFeature = modelFacet.containmentMetaFeature.ecoreFeature in (let _eClass_:ecore::EClass = _containmentMF_.eContainingClass in _eClass_.ePackage.nsURI = 'http://www.omg.org/spec/BPMN/20100524/MODEL-XMI' and _eClass_.name = 'FlowElementsContainer') and _containmentMF_.name = 'flowElements')"/>
  <nodeTraces
      visualID="2014"
      queryText="(let _eClass_:ecore::EClass = modelFacet.metaClass.ecoreClass in _eClass_.ePackage.nsURI = 'http://www.omg.org/spec/BPMN/20100524/MODEL-XMI' and _eClass_.name = 'DataObject') and (let _containmentMF_:ecore::EStructuralFeature = modelFacet.containmentMetaFeature.ecoreFeature in (let _eClass_:ecore::EClass = _containmentMF_.eContainingClass in _eClass_.ePackage.nsURI = 'http://www.omg.org/spec/BPMN/20100524/MODEL-XMI' and _eClass_.name = 'FlowElementsContainer') and _containmentMF_.name = 'flowElements')">
    <nodeLabelTraces
        visualID="5003"
        queryText="true"/>
  </nodeTraces>
  <nodeTraces
      visualID="2015"
      queryText="(let _eClass_:ecore::EClass = modelFacet.metaClass.ecoreClass in _eClass_.ePackage.nsURI = 'http://www.omg.org/spec/BPMN/20100524/MODEL-XMI' and _eClass_.name = 'TextAnnotation') and (let _containmentMF_:ecore::EStructuralFeature = modelFacet.containmentMetaFeature.ecoreFeature in (let _eClass_:ecore::EClass = _containmentMF_.eContainingClass in _eClass_.ePackage.nsURI = 'http://www.omg.org/spec/BPMN/20100524/MODEL-XMI' and _eClass_.name = 'Process') and _containmentMF_.name = 'artifacts')">
    <nodeLabelTraces
        visualID="5004"
        queryText="true"/>
  </nodeTraces>
  <nodeTraces
      visualID="2016"
      queryText="(let _eClass_:ecore::EClass = modelFacet.metaClass.ecoreClass in _eClass_.ePackage.nsURI = 'http://www.omg.org/spec/BPMN/20100524/MODEL-XMI' and _eClass_.name = 'SubProcess') and (let _containmentMF_:ecore::EStructuralFeature = modelFacet.containmentMetaFeature.ecoreFeature in (let _eClass_:ecore::EClass = _containmentMF_.eContainingClass in _eClass_.ePackage.nsURI = 'http://www.omg.org/spec/BPMN/20100524/MODEL-XMI' and _eClass_.name = 'FlowElementsContainer') and _containmentMF_.name = 'flowElements')"/>
  <nodeTraces
      visualID="2017"
      queryText="(let _eClass_:ecore::EClass = modelFacet.metaClass.ecoreClass in _eClass_.ePackage.nsURI = 'http://www.omg.org/spec/BPMN/20100524/MODEL-XMI' and _eClass_.name = 'ScriptTask') and (let _containmentMF_:ecore::EStructuralFeature = modelFacet.containmentMetaFeature.ecoreFeature in (let _eClass_:ecore::EClass = _containmentMF_.eContainingClass in _eClass_.ePackage.nsURI = 'http://www.omg.org/spec/BPMN/20100524/MODEL-XMI' and _eClass_.name = 'FlowElementsContainer') and _containmentMF_.name = 'flowElements')">
    <nodeLabelTraces
        visualID="5009"
        queryText="true"/>
  </nodeTraces>
  <childNodeTraces
      visualID="3001"
      queryText="(let _eClass_:ecore::EClass = modelFacet.metaClass.ecoreClass in _eClass_.ePackage.nsURI = 'http://www.omg.org/spec/BPMN/20100524/MODEL-XMI' and _eClass_.name = 'SubProcess') and (let _containmentMF_:ecore::EStructuralFeature = modelFacet.containmentMetaFeature.ecoreFeature in (let _eClass_:ecore::EClass = _containmentMF_.eContainingClass in _eClass_.ePackage.nsURI = 'http://www.omg.org/spec/BPMN/20100524/MODEL-XMI' and _eClass_.name = 'FlowElementsContainer') and _containmentMF_.name = 'flowElements')"/>
  <childNodeTraces
      visualID="3002"
      queryText="(let _eClass_:ecore::EClass = modelFacet.metaClass.ecoreClass in _eClass_.ePackage.nsURI = 'http://www.omg.org/spec/BPMN/20100524/MODEL-XMI' and _eClass_.name = 'UserTask') and (let _containmentMF_:ecore::EStructuralFeature = modelFacet.containmentMetaFeature.ecoreFeature in (let _eClass_:ecore::EClass = _containmentMF_.eContainingClass in _eClass_.ePackage.nsURI = 'http://www.omg.org/spec/BPMN/20100524/MODEL-XMI' and _eClass_.name = 'FlowElementsContainer') and _containmentMF_.name = 'flowElements')">
    <nodeLabelTraces
        visualID="5005"
        queryText="true"/>
  </childNodeTraces>
  <childNodeTraces
      visualID="3003"
      queryText="(let _eClass_:ecore::EClass = modelFacet.metaClass.ecoreClass in _eClass_.ePackage.nsURI = 'http://www.omg.org/spec/BPMN/20100524/MODEL-XMI' and _eClass_.name = 'StartEvent') and (let _containmentMF_:ecore::EStructuralFeature = modelFacet.containmentMetaFeature.ecoreFeature in (let _eClass_:ecore::EClass = _containmentMF_.eContainingClass in _eClass_.ePackage.nsURI = 'http://www.omg.org/spec/BPMN/20100524/MODEL-XMI' and _eClass_.name = 'FlowElementsContainer') and _containmentMF_.name = 'flowElements')"/>
  <childNodeTraces
      visualID="3004"
      queryText="(let _eClass_:ecore::EClass = modelFacet.metaClass.ecoreClass in _eClass_.ePackage.nsURI = 'http://www.omg.org/spec/BPMN/20100524/MODEL-XMI' and _eClass_.name = 'ServiceTask') and (let _containmentMF_:ecore::EStructuralFeature = modelFacet.containmentMetaFeature.ecoreFeature in (let _eClass_:ecore::EClass = _containmentMF_.eContainingClass in _eClass_.ePackage.nsURI = 'http://www.omg.org/spec/BPMN/20100524/MODEL-XMI' and _eClass_.name = 'FlowElementsContainer') and _containmentMF_.name = 'flowElements')">
    <nodeLabelTraces
        visualID="5006"
        queryText="true"/>
  </childNodeTraces>
  <childNodeTraces
      visualID="3005"
      queryText="(let _eClass_:ecore::EClass = modelFacet.metaClass.ecoreClass in _eClass_.ePackage.nsURI = 'http://www.omg.org/spec/BPMN/20100524/MODEL-XMI' and _eClass_.name = 'StartEvent') and (let _containmentMF_:ecore::EStructuralFeature = modelFacet.containmentMetaFeature.ecoreFeature in (let _eClass_:ecore::EClass = _containmentMF_.eContainingClass in _eClass_.ePackage.nsURI = 'http://www.omg.org/spec/BPMN/20100524/MODEL-XMI' and _eClass_.name = 'FlowElementsContainer') and _containmentMF_.name = 'flowElements')"/>
  <childNodeTraces
      visualID="3006"
      queryText="(let _eClass_:ecore::EClass = modelFacet.metaClass.ecoreClass in _eClass_.ePackage.nsURI = 'http://www.omg.org/spec/BPMN/20100524/MODEL-XMI' and _eClass_.name = 'EndEvent') and (let _containmentMF_:ecore::EStructuralFeature = modelFacet.containmentMetaFeature.ecoreFeature in (let _eClass_:ecore::EClass = _containmentMF_.eContainingClass in _eClass_.ePackage.nsURI = 'http://www.omg.org/spec/BPMN/20100524/MODEL-XMI' and _eClass_.name = 'FlowElementsContainer') and _containmentMF_.name = 'flowElements')"/>
  <childNodeTraces
      visualID="3007"
      queryText="(let _eClass_:ecore::EClass = modelFacet.metaClass.ecoreClass in _eClass_.ePackage.nsURI = 'http://www.omg.org/spec/BPMN/20100524/MODEL-XMI' and _eClass_.name = 'ExclusiveGateway') and (let _containmentMF_:ecore::EStructuralFeature = modelFacet.containmentMetaFeature.ecoreFeature in (let _eClass_:ecore::EClass = _containmentMF_.eContainingClass in _eClass_.ePackage.nsURI = 'http://www.omg.org/spec/BPMN/20100524/MODEL-XMI' and _eClass_.name = 'FlowElementsContainer') and _containmentMF_.name = 'flowElements')"/>
  <childNodeTraces
      visualID="3008"
      queryText="(let _eClass_:ecore::EClass = modelFacet.metaClass.ecoreClass in _eClass_.ePackage.nsURI = 'http://www.omg.org/spec/BPMN/20100524/MODEL-XMI' and _eClass_.name = 'ParallelGateway') and (let _containmentMF_:ecore::EStructuralFeature = modelFacet.containmentMetaFeature.ecoreFeature in (let _eClass_:ecore::EClass = _containmentMF_.eContainingClass in _eClass_.ePackage.nsURI = 'http://www.omg.org/spec/BPMN/20100524/MODEL-XMI' and _eClass_.name = 'FlowElementsContainer') and _containmentMF_.name = 'flowElements')"/>
  <childNodeTraces
      visualID="3009"
      queryText="(let _eClass_:ecore::EClass = modelFacet.metaClass.ecoreClass in _eClass_.ePackage.nsURI = 'http://www.omg.org/spec/BPMN/20100524/MODEL-XMI' and _eClass_.name = 'EndEvent') and (let _containmentMF_:ecore::EStructuralFeature = modelFacet.containmentMetaFeature.ecoreFeature in (let _eClass_:ecore::EClass = _containmentMF_.eContainingClass in _eClass_.ePackage.nsURI = 'http://www.omg.org/spec/BPMN/20100524/MODEL-XMI' and _eClass_.name = 'FlowElementsContainer') and _containmentMF_.name = 'flowElements')"/>
  <childNodeTraces
      visualID="3010"
      queryText="(let _eClass_:ecore::EClass = modelFacet.metaClass.ecoreClass in _eClass_.ePackage.nsURI = 'http://www.omg.org/spec/BPMN/20100524/MODEL-XMI' and _eClass_.name = 'EndEvent') and (let _containmentMF_:ecore::EStructuralFeature = modelFacet.containmentMetaFeature.ecoreFeature in (let _eClass_:ecore::EClass = _containmentMF_.eContainingClass in _eClass_.ePackage.nsURI = 'http://www.omg.org/spec/BPMN/20100524/MODEL-XMI' and _eClass_.name = 'FlowElementsContainer') and _containmentMF_.name = 'flowElements')"/>
  <childNodeTraces
      visualID="3011"
      queryText="(let _eClass_:ecore::EClass = modelFacet.metaClass.ecoreClass in _eClass_.ePackage.nsURI = 'http://www.omg.org/spec/BPMN/20100524/MODEL-XMI' and _eClass_.name = 'IntermediateCatchEvent') and (let _containmentMF_:ecore::EStructuralFeature = modelFacet.containmentMetaFeature.ecoreFeature in (let _eClass_:ecore::EClass = _containmentMF_.eContainingClass in _eClass_.ePackage.nsURI = 'http://www.omg.org/spec/BPMN/20100524/MODEL-XMI' and _eClass_.name = 'FlowElementsContainer') and _containmentMF_.name = 'flowElements')"/>
  <childNodeTraces
      visualID="3012"
      queryText="(let _eClass_:ecore::EClass = modelFacet.metaClass.ecoreClass in _eClass_.ePackage.nsURI = 'http://www.omg.org/spec/BPMN/20100524/MODEL-XMI' and _eClass_.name = 'IntermediateThrowEvent') and (let _containmentMF_:ecore::EStructuralFeature = modelFacet.containmentMetaFeature.ecoreFeature in (let _eClass_:ecore::EClass = _containmentMF_.eContainingClass in _eClass_.ePackage.nsURI = 'http://www.omg.org/spec/BPMN/20100524/MODEL-XMI' and _eClass_.name = 'FlowElementsContainer') and _containmentMF_.name = 'flowElements')"/>
  <childNodeTraces
      visualID="3013"
      queryText="(let _eClass_:ecore::EClass = modelFacet.metaClass.ecoreClass in _eClass_.ePackage.nsURI = 'http://www.omg.org/spec/BPMN/20100524/MODEL-XMI' and _eClass_.name = 'IntermediateCatchEvent') and (let _containmentMF_:ecore::EStructuralFeature = modelFacet.containmentMetaFeature.ecoreFeature in (let _eClass_:ecore::EClass = _containmentMF_.eContainingClass in _eClass_.ePackage.nsURI = 'http://www.omg.org/spec/BPMN/20100524/MODEL-XMI' and _eClass_.name = 'FlowElementsContainer') and _containmentMF_.name = 'flowElements')"/>
  <childNodeTraces
      visualID="3014"
      queryText="(let _eClass_:ecore::EClass = modelFacet.metaClass.ecoreClass in _eClass_.ePackage.nsURI = 'http://www.omg.org/spec/BPMN/20100524/MODEL-XMI' and _eClass_.name = 'DataObject') and (let _containmentMF_:ecore::EStructuralFeature = modelFacet.containmentMetaFeature.ecoreFeature in (let _eClass_:ecore::EClass = _containmentMF_.eContainingClass in _eClass_.ePackage.nsURI = 'http://www.omg.org/spec/BPMN/20100524/MODEL-XMI' and _eClass_.name = 'FlowElementsContainer') and _containmentMF_.name = 'flowElements')">
    <nodeLabelTraces
        visualID="5007"
        queryText="true"/>
  </childNodeTraces>
  <childNodeTraces
      visualID="3015"
      queryText="(let _eClass_:ecore::EClass = modelFacet.metaClass.ecoreClass in _eClass_.ePackage.nsURI = 'http://www.omg.org/spec/BPMN/20100524/MODEL-XMI' and _eClass_.name = 'TextAnnotation') and (let _containmentMF_:ecore::EStructuralFeature = modelFacet.containmentMetaFeature.ecoreFeature in (let _eClass_:ecore::EClass = _containmentMF_.eContainingClass in _eClass_.ePackage.nsURI = 'http://www.omg.org/spec/BPMN/20100524/MODEL-XMI' and _eClass_.name = 'SubProcess') and _containmentMF_.name = 'artifacts')">
    <nodeLabelTraces
        visualID="5008"
        queryText="true"/>
  </childNodeTraces>
  <childNodeTraces
      visualID="3016"
      queryText="(let _eClass_:ecore::EClass = modelFacet.metaClass.ecoreClass in _eClass_.ePackage.nsURI = 'http://www.omg.org/spec/BPMN/20100524/MODEL-XMI' and _eClass_.name = 'ScriptTask') and (let _containmentMF_:ecore::EStructuralFeature = modelFacet.containmentMetaFeature.ecoreFeature in (let _eClass_:ecore::EClass = _containmentMF_.eContainingClass in _eClass_.ePackage.nsURI = 'http://www.omg.org/spec/BPMN/20100524/MODEL-XMI' and _eClass_.name = 'FlowElementsContainer') and _containmentMF_.name = 'flowElements')">
    <nodeLabelTraces
        visualID="5010"
        queryText="true"/>
  </childNodeTraces>
  <linkTraces
      visualID="4001"
      queryText="modelFacet.oclIsKindOf(gmfgen::TypeLinkModelFacet) and (let _eClass_:ecore::EClass = modelFacet.oclAsType(gmfgen::TypeLinkModelFacet).metaClass.ecoreClass in _eClass_.ePackage.nsURI = 'http://www.omg.org/spec/BPMN/20100524/MODEL-XMI' and _eClass_.name = 'SequenceFlow')"/>
  <linkTraces
      visualID="4002"
      queryText="modelFacet.oclIsKindOf(gmfgen::TypeLinkModelFacet) and (let _eClass_:ecore::EClass = modelFacet.oclAsType(gmfgen::TypeLinkModelFacet).metaClass.ecoreClass in _eClass_.ePackage.nsURI = 'http://www.omg.org/spec/BPMN/20100524/MODEL-XMI' and _eClass_.name = 'Association')"/>
</trace:TraceModel>
